-------------------------------------------------------------------------------
Test set: com.petcare.producto.controller.ProductoControllerTest
-------------------------------------------------------------------------------
Tests run: 22, Failures: 1, Errors: 0, Skipped: 0, Time elapsed: 1.282 s <<< FAILURE! -- in com.petcare.producto.controller.ProductoControllerTest
com.petcare.producto.controller.ProductoControllerTest.testAgregarProducto_ErrorDatos -- Time elapsed: 0.016 s <<< FAILURE!
org.opentest4j.AssertionFailedError: expected: <400> but was: <500>
	at org.junit.jupiter.api.AssertionFailureBuilder.build(AssertionFailureBuilder.java:158)
	at org.junit.jupiter.api.AssertionFailureBuilder.buildAndThrow(AssertionFailureBuilder.java:139)
	at org.junit.jupiter.api.AssertEquals.failNotEqual(AssertEquals.java:201)
	at org.junit.jupiter.api.AssertEquals.assertEquals(AssertEquals.java:152)
	at org.junit.jupiter.api.AssertEquals.assertEquals(AssertEquals.java:147)
	at org.junit.jupiter.api.Assertions.assertEquals(Assertions.java:558)
	at com.petcare.producto.controller.ProductoControllerTest.testAgregarProducto_ErrorDatos(ProductoControllerTest.java:144)

